<?xml version="1.0" encoding="UTF-8"?>
<!-- Generated by org.testng.reporters.JUnitReportReporter -->
<testsuite skipped="0" hostname="LAPTOP-A4K5Q85L" name="api.test.DDTests" tests="6" failures="0" timestamp="2024-04-04T14:04:45 IST" time="17.322" errors="0">
  <testcase name="testPostuser" time="1.788" classname="api.test.DDTests"/>
  <system-out/>
  <testcase name="testPostuser" time="7.523" classname="api.test.DDTests"/>
  <system-out/>
  <testcase name="testPostuser" time="1.914" classname="api.test.DDTests"/>
  <system-out/>
  <testcase name="testDeleteUserByName" time="2.918" classname="api.test.DDTests"/>
  <system-out/>
  <testcase name="testDeleteUserByName" time="1.676" classname="api.test.DDTests"/>
  <system-out/>
  <testcase name="testDeleteUserByName" time="1.503" classname="api.test.DDTests"/>
  <system-out/>
</testsuite> <!-- api.test.DDTests -->
