<?xml version="1.0" encoding="UTF-8"?>
<!-- Generated by org.testng.reporters.JUnitReportReporter -->
<testsuite skipped="0" hostname="LAPTOP-A4K5Q85L" name="api.test.UserTests2" tests="4" failures="0" timestamp="2024-04-04T19:54:56 IST" time="13.400" errors="0">
  <testcase name="testPostUser" time="5.844" classname="api.test.UserTests2"/>
  <system-out/>
  <testcase name="testGetUserByName" time="1.626" classname="api.test.UserTests2"/>
  <system-out/>
  <testcase name="testUpdateUserByName" time="4.072" classname="api.test.UserTests2"/>
  <system-out/>
  <testcase name="testDeleteUserByName" time="1.858" classname="api.test.UserTests2"/>
  <system-out/>
</testsuite> <!-- api.test.UserTests2 -->
