<?xml version="1.0" encoding="UTF-8"?>
<!-- Generated by org.testng.reporters.JUnitReportReporter -->
<testsuite skipped="0" hostname="LAPTOP-A4K5Q85L" name="api.test.UserTests" tests="4" failures="0" timestamp="2024-04-04T15:41:11 IST" time="16.165" errors="0">
  <testcase name="testPostUser" time="7.701" classname="api.test.UserTests"/>
  <system-out/>
  <testcase name="testGetUserByName" time="1.575" classname="api.test.UserTests"/>
  <system-out/>
  <testcase name="testUpdateUserByName" time="5.286" classname="api.test.UserTests"/>
  <system-out/>
  <testcase name="testDeleteUserByName" time="1.603" classname="api.test.UserTests"/>
  <system-out/>
</testsuite> <!-- api.test.UserTests -->
